<?xml version="1.0" encoding="UTF-8"?>
<!-- Generated by org.testng.reporters.JUnitReportReporter -->
<testsuite skipped="0" hostname="GRM-DEV10" name="devSiteFormsTest.ValidGuestFormSubmitTest" tests="1" failures="0" timestamp="04 Oct 2017 16:22:17 GMT" time="13.557" errors="0">
  <testcase name="testFormWithData" time="13.557" classname="devSiteFormsTest.ValidGuestFormSubmitTest"/>
</testsuite> <!-- devSiteFormsTest.ValidGuestFormSubmitTest -->
