<?xml version="1.0" encoding="UTF-8"?>
<!-- Generated by org.testng.reporters.JUnitReportReporter -->
<testsuite skipped="0" hostname="GRM-DEV10" name="liveSiteFormTests.USPaymentFormPlaceholdersTest" tests="1" failures="0" timestamp="06 Oct 2017 12:21:11 GMT" time="49.974" errors="1">
  <testcase name="testRequiredFields" time="49.974" classname="liveSiteFormTests.USPaymentFormPlaceholdersTest">
    <error/>
  </testcase> <!-- testRequiredFields -->
</testsuite> <!-- liveSiteFormTests.USPaymentFormPlaceholdersTest -->
