<?xml version="1.0" encoding="UTF-8"?>
<!-- Generated by org.testng.reporters.JUnitReportReporter -->
<testsuite skipped="0" hostname="GRM-DEV10" name="uatSiteFormsTests.ValidNewsletterFormSubmitTest" tests="2" failures="0" timestamp="10 Oct 2017 16:10:41 GMT" time="34.351" errors="0">
  <testcase name="test2" time="20.903" classname="uatSiteFormsTests.ValidNewsletterFormSubmitTest"/>
  <testcase name="test1" time="13.448" classname="uatSiteFormsTests.ValidNewsletterFormSubmitTest"/>
</testsuite> <!-- uatSiteFormsTests.ValidNewsletterFormSubmitTest -->
