<?xml version="1.0" encoding="UTF-8"?>
<!-- Generated by org.testng.reporters.JUnitReportReporter -->
<testsuite skipped="0" hostname="GRM-DEV10" name="uatSiteFormsTests.GuestFormDateValidationTest" tests="3" failures="0" timestamp="10 Oct 2017 16:10:41 GMT" time="6.753" errors="0">
  <testcase name="test3" time="2.906" classname="uatSiteFormsTests.GuestFormDateValidationTest"/>
  <testcase name="test2" time="1.906" classname="uatSiteFormsTests.GuestFormDateValidationTest"/>
  <testcase name="test1" time="1.941" classname="uatSiteFormsTests.GuestFormDateValidationTest"/>
</testsuite> <!-- uatSiteFormsTests.GuestFormDateValidationTest -->
