<?xml version="1.0" encoding="UTF-8"?>
<!-- Generated by org.testng.reporters.JUnitReportReporter -->
<testsuite skipped="0" hostname="GRM-DEV10" name="devSiteFormsTests.EmptyGuestFormTest" tests="1" failures="0" timestamp="09 Oct 2017 16:33:13 GMT" time="11.245" errors="0">
  <testcase name="testRequiredFields" time="11.245" classname="devSiteFormsTests.EmptyGuestFormTest"/>
</testsuite> <!-- devSiteFormsTests.EmptyGuestFormTest -->
