<?xml version="1.0" encoding="UTF-8"?>
<!-- Generated by org.testng.reporters.JUnitReportReporter -->
<testsuite skipped="0" hostname="GRM-DEV10" name="uatSiteFormsTests.NumberOfGuestsTest" tests="1" failures="0" timestamp="10 Oct 2017 16:10:41 GMT" time="13.748" errors="0">
  <testcase name="testNumberOfGuests" time="13.748" classname="uatSiteFormsTests.NumberOfGuestsTest"/>
</testsuite> <!-- uatSiteFormsTests.NumberOfGuestsTest -->
