<?xml version="1.0" encoding="UTF-8"?>
<!-- Generated by org.testng.reporters.JUnitReportReporter -->
<testsuite skipped="0" hostname="GRM-DEV10" name="uatSiteFormsTest.NumberOfGuestsTest" tests="1" failures="0" timestamp="04 Oct 2017 16:22:17 GMT" time="10.987" errors="0">
  <testcase name="testNumberOfGuests" time="10.987" classname="uatSiteFormsTest.NumberOfGuestsTest"/>
</testsuite> <!-- uatSiteFormsTest.NumberOfGuestsTest -->
