<?xml version="1.0" encoding="UTF-8"?>
<!-- Generated by org.testng.reporters.JUnitReportReporter -->
<testsuite skipped="0" hostname="GRM-DEV10" name="uatSiteFormsTest.ValidPaymentFormSubmitTest" tests="1" failures="0" timestamp="04 Oct 2017 16:24:13 GMT" time="39.097" errors="0">
  <testcase name="testSubmit" time="39.097" classname="uatSiteFormsTest.ValidPaymentFormSubmitTest"/>
</testsuite> <!-- uatSiteFormsTest.ValidPaymentFormSubmitTest -->
