<?xml version="1.0" encoding="UTF-8"?>
<!-- Generated by org.testng.reporters.JUnitReportReporter -->
<testsuite skipped="0" hostname="GRM-DEV10" name="liveSiteFormTests.EmptyNewsletterTest" tests="1" failures="0" timestamp="06 Oct 2017 12:16:20 GMT" time="9.967" errors="0">
  <testcase name="requiredFieldsTest" time="9.967" classname="liveSiteFormTests.EmptyNewsletterTest"/>
</testsuite> <!-- liveSiteFormTests.EmptyNewsletterTest -->
