<?xml version="1.0" encoding="UTF-8"?>
<!-- Generated by org.testng.reporters.JUnitReportReporter -->
<testsuite skipped="0" hostname="GRM-DEV10" name="devSiteFormsTest.ValidNewsletterFormSubmitTest" tests="1" failures="0" timestamp="04 Oct 2017 16:22:17 GMT" time="19.967" errors="0">
  <testcase name="testFormWithData" time="19.967" classname="devSiteFormsTest.ValidNewsletterFormSubmitTest"/>
</testsuite> <!-- devSiteFormsTest.ValidNewsletterFormSubmitTest -->
