<?xml version="1.0" encoding="UTF-8"?>
<!-- Generated by org.testng.reporters.JUnitReportReporter -->
<testsuite skipped="0" hostname="GRM-DEV10" name="devSiteFormsTests.ValidNewsletterFormSubmitTest" tests="1" failures="0" timestamp="09 Oct 2017 16:33:13 GMT" time="1.444" errors="1">
  <testcase name="testFormWithData" time="1.444" classname="devSiteFormsTests.ValidNewsletterFormSubmitTest">
    <error/>
  </testcase> <!-- testFormWithData -->
</testsuite> <!-- devSiteFormsTests.ValidNewsletterFormSubmitTest -->
