<?xml version="1.0" encoding="UTF-8"?>
<!-- Generated by org.testng.reporters.JUnitReportReporter -->
<testsuite skipped="0" hostname="GRM-DEV10" name="test.GuestInformationFormTest" tests="1" failures="0" timestamp="03 Oct 2017 15:59:33 GMT" time="23.162" errors="1">
  <testcase name="testRequiredFields" time="23.162" classname="test.GuestInformationFormTest">
    <error/>
  </testcase> <!-- testRequiredFields -->
</testsuite> <!-- test.GuestInformationFormTest -->
