<?xml version="1.0" encoding="UTF-8"?>
<!-- Generated by org.testng.reporters.JUnitReportReporter -->
<testsuite skipped="0" hostname="GRM-DEV10" name="uatSiteFormsTests.EmptyNewsletterTest" tests="1" failures="0" timestamp="10 Oct 2017 16:10:41 GMT" time="5.230" errors="0">
  <testcase name="requiredFieldsTest" time="5.230" classname="uatSiteFormsTests.EmptyNewsletterTest"/>
</testsuite> <!-- uatSiteFormsTests.EmptyNewsletterTest -->
