<?xml version="1.0" encoding="UTF-8"?>
<!-- Generated by org.testng.reporters.JUnitReportReporter -->
<testsuite skipped="0" hostname="GRM-DEV10" name="uatSiteFormsTests.SearchTest" tests="1" failures="0" timestamp="11 Oct 2017 08:30:04 GMT" time="10.346" errors="0">
  <testcase name="test" time="10.346" classname="uatSiteFormsTests.SearchTest"/>
</testsuite> <!-- uatSiteFormsTests.SearchTest -->
