<?xml version="1.0" encoding="UTF-8"?>
<!-- Generated by org.testng.reporters.JUnitReportReporter -->
<testsuite skipped="0" hostname="GRM-DEV10" name="liveSiteFormTests.EmptyPaymentFormTest" tests="1" failures="0" timestamp="06 Oct 2017 12:16:44 GMT" time="14.785" errors="0">
  <testcase name="testRequiredFields" time="14.785" classname="liveSiteFormTests.EmptyPaymentFormTest"/>
</testsuite> <!-- liveSiteFormTests.EmptyPaymentFormTest -->
