<?xml version="1.0" encoding="UTF-8"?>
<!-- Generated by org.testng.reporters.JUnitReportReporter -->
<testsuite skipped="0" hostname="GRM-DEV10" name="devSiteFormsTests.ValidUSPaymentFormSubmitTest" tests="1" failures="0" timestamp="09 Oct 2017 16:33:13 GMT" time="11.590" errors="1">
  <testcase name="testSubmit" time="11.590" classname="devSiteFormsTests.ValidUSPaymentFormSubmitTest">
    <error/>
  </testcase> <!-- testSubmit -->
</testsuite> <!-- devSiteFormsTests.ValidUSPaymentFormSubmitTest -->
