<?xml version="1.0" encoding="UTF-8"?>
<!-- Generated by org.testng.reporters.JUnitReportReporter -->
<testsuite skipped="0" hostname="GRM-DEV10" name="uatSiteFormsTests.ValidUSPaymentFormSubmitTest" tests="2" failures="0" timestamp="10 Oct 2017 16:10:41 GMT" time="90.642" errors="1">
  <testcase name="test2" time="22.469" classname="uatSiteFormsTests.ValidUSPaymentFormSubmitTest">
    <error/>
  </testcase> <!-- test2 -->
  <testcase name="test1" time="68.173" classname="uatSiteFormsTests.ValidUSPaymentFormSubmitTest"/>
</testsuite> <!-- uatSiteFormsTests.ValidUSPaymentFormSubmitTest -->
