<?xml version="1.0" encoding="UTF-8"?>
<!-- Generated by org.testng.reporters.JUnitReportReporter -->
<testsuite skipped="0" hostname="GRM-DEV10" name="liveSiteFormTests.EUPaymentFormPlaceholdersTest" tests="1" failures="0" timestamp="06 Oct 2017 12:17:50 GMT" time="47.726" errors="1">
  <testcase name="test1" time="47.726" classname="liveSiteFormTests.EUPaymentFormPlaceholdersTest">
    <error/>
  </testcase> <!-- test1 -->
</testsuite> <!-- liveSiteFormTests.EUPaymentFormPlaceholdersTest -->
