<?xml version="1.0" encoding="UTF-8"?>
<!-- Generated by org.testng.reporters.JUnitReportReporter -->
<testsuite skipped="0" hostname="GRM-DEV10" name="uatSiteFormsTests.ValidEuropePaymentFormSubmitTest" tests="2" failures="0" timestamp="10 Oct 2017 16:10:41 GMT" time="61.492" errors="0">
  <testcase name="test1" time="43.564" classname="uatSiteFormsTests.ValidEuropePaymentFormSubmitTest"/>
  <testcase name="test2" time="17.928" classname="uatSiteFormsTests.ValidEuropePaymentFormSubmitTest"/>
</testsuite> <!-- uatSiteFormsTests.ValidEuropePaymentFormSubmitTest -->
