<?xml version="1.0" encoding="UTF-8"?>
<!-- Generated by org.testng.reporters.JUnitReportReporter -->
<testsuite skipped="0" hostname="GRM-DEV10" name="newsletterFormTests.ValidFormSubmitTest" tests="1" failures="0" timestamp="04 Oct 2017 13:55:16 GMT" time="17.194" errors="0">
  <testcase name="testFormWithData" time="17.194" classname="newsletterFormTests.ValidFormSubmitTest"/>
</testsuite> <!-- newsletterFormTests.ValidFormSubmitTest -->
