<?xml version="1.0" encoding="UTF-8"?>
<!-- Generated by org.testng.reporters.JUnitReportReporter -->
<testsuite skipped="0" hostname="GRM-DEV10" name="devSiteFormsTests.ValidEuropePaymentFormSubmitTest" tests="1" failures="0" timestamp="09 Oct 2017 16:33:13 GMT" time="6.210" errors="1">
  <testcase name="test1" time="6.210" classname="devSiteFormsTests.ValidEuropePaymentFormSubmitTest">
    <error/>
  </testcase> <!-- test1 -->
</testsuite> <!-- devSiteFormsTests.ValidEuropePaymentFormSubmitTest -->
