<?xml version="1.0" encoding="UTF-8"?>
<!-- Generated by org.testng.reporters.JUnitReportReporter -->
<testsuite skipped="0" hostname="GRM-DEV10" name="uatSiteFormsTests.EUPaymentFormLimitsTest" tests="2" failures="0" timestamp="10 Oct 2017 10:02:08 GMT" time="13.162" errors="0">
  <testcase name="test1" time="7.534" classname="uatSiteFormsTests.EUPaymentFormLimitsTest"/>
  <testcase name="test2" time="5.628" classname="uatSiteFormsTests.EUPaymentFormLimitsTest"/>
</testsuite> <!-- uatSiteFormsTests.EUPaymentFormLimitsTest -->
