<?xml version="1.0" encoding="UTF-8"?>
<!-- Generated by org.testng.reporters.JUnitReportReporter -->
<testsuite skipped="0" hostname="GRM-DEV10" name="liveSiteFormTests.EmptyGuestFormTest" tests="1" failures="0" timestamp="06 Oct 2017 12:15:55 GMT" time="24.530" errors="0">
  <testcase name="testRequiredFields" time="24.530" classname="liveSiteFormTests.EmptyGuestFormTest"/>
</testsuite> <!-- liveSiteFormTests.EmptyGuestFormTest -->
