<?xml version="1.0" encoding="UTF-8"?>
<!-- Generated by org.testng.reporters.JUnitReportReporter -->
<testsuite skipped="0" hostname="GRM-DEV10" name="guestInformationFormTests.ValidFormSubmitTest" tests="1" failures="0" timestamp="04 Oct 2017 13:55:16 GMT" time="14.249" errors="0">
  <testcase name="testFormWithData" time="14.249" classname="guestInformationFormTests.ValidFormSubmitTest"/>
</testsuite> <!-- guestInformationFormTests.ValidFormSubmitTest -->
