<?xml version="1.0" encoding="UTF-8"?>
<!-- Generated by org.testng.reporters.JUnitReportReporter -->
<testsuite skipped="0" hostname="GRM-DEV10" name="liveSiteFormTests.NumberOfGuestsTest" tests="1" failures="0" timestamp="06 Oct 2017 12:18:47 GMT" time="11.677" errors="0">
  <testcase name="testNumberOfGuests" time="11.677" classname="liveSiteFormTests.NumberOfGuestsTest"/>
</testsuite> <!-- liveSiteFormTests.NumberOfGuestsTest -->
