<?xml version="1.0" encoding="UTF-8"?>
<!-- Generated by org.testng.reporters.JUnitReportReporter -->
<testsuite skipped="0" hostname="GRM-DEV10" name="uatSiteFormsTest.EmptyGuestFormTest" tests="1" failures="0" timestamp="04 Oct 2017 16:22:17 GMT" time="19.194" errors="0">
  <testcase name="testRequiredFields" time="19.194" classname="uatSiteFormsTest.EmptyGuestFormTest"/>
</testsuite> <!-- uatSiteFormsTest.EmptyGuestFormTest -->
