<?xml version="1.0" encoding="UTF-8"?>
<!-- Generated by org.testng.reporters.JUnitReportReporter -->
<testsuite skipped="0" hostname="GRM-DEV10" name="uatSiteFormsTests.ValidGuestFormSubmitTest" tests="2" failures="0" timestamp="10 Oct 2017 16:10:41 GMT" time="27.666" errors="0">
  <testcase name="test1" time="5.859" classname="uatSiteFormsTests.ValidGuestFormSubmitTest"/>
  <testcase name="test2" time="21.807" classname="uatSiteFormsTests.ValidGuestFormSubmitTest"/>
</testsuite> <!-- uatSiteFormsTests.ValidGuestFormSubmitTest -->
