<?xml version="1.0" encoding="UTF-8"?>
<!-- Generated by org.testng.reporters.JUnitReportReporter -->
<testsuite skipped="0" hostname="GRM-DEV10" name="guestInformationFormTests.NumberOfGuestsTest" tests="1" failures="0" timestamp="04 Oct 2017 13:55:16 GMT" time="12.577" errors="1">
  <testcase name="testNumberOfGuests" time="12.577" classname="guestInformationFormTests.NumberOfGuestsTest">
    <error/>
  </testcase> <!-- testNumberOfGuests -->
</testsuite> <!-- guestInformationFormTests.NumberOfGuestsTest -->
