<?xml version="1.0" encoding="UTF-8"?>
<!-- Generated by org.testng.reporters.JUnitReportReporter -->
<testsuite skipped="0" hostname="GRM-DEV10" name="devSiteFormsTests.NumberOfGuestsTest" tests="1" failures="0" timestamp="09 Oct 2017 16:33:13 GMT" time="1.966" errors="1">
  <testcase name="testNumberOfGuests" time="1.966" classname="devSiteFormsTests.NumberOfGuestsTest">
    <error/>
  </testcase> <!-- testNumberOfGuests -->
</testsuite> <!-- devSiteFormsTests.NumberOfGuestsTest -->
