<?xml version="1.0" encoding="UTF-8"?>
<!-- Generated by org.testng.reporters.JUnitReportReporter -->
<testsuite skipped="0" hostname="GRM-DEV10" name="newsletterFormTests.RequiredFieldsTest" tests="1" failures="0" timestamp="04 Oct 2017 13:55:16 GMT" time="5.096" errors="0">
  <testcase name="requiredFieldsTest" time="5.096" classname="newsletterFormTests.RequiredFieldsTest"/>
</testsuite> <!-- newsletterFormTests.RequiredFieldsTest -->
