<?xml version="1.0" encoding="UTF-8"?>
<!-- Generated by org.testng.reporters.JUnitReportReporter -->
<testsuite skipped="0" hostname="GRM-DEV10" name="uatSiteFormsTest.USPaymentFormPlaceholdersTest" tests="1" failures="0" timestamp="05 Oct 2017 11:27:07 GMT" time="67.000" errors="0">
  <testcase name="testRequiredFields" time="67.000" classname="uatSiteFormsTest.USPaymentFormPlaceholdersTest"/>
</testsuite> <!-- uatSiteFormsTest.USPaymentFormPlaceholdersTest -->
