<?xml version="1.0" encoding="UTF-8"?>
<!-- Generated by org.testng.reporters.JUnitReportReporter -->
<testsuite skipped="0" hostname="GRM-DEV10" name="liveSiteFormTests.EmailValidationTests" tests="6" failures="0" timestamp="06 Oct 2017 12:12:39 GMT" time="67.155" errors="0">
  <testcase name="test5" time="11.407" classname="liveSiteFormTests.EmailValidationTests"/>
  <testcase name="test6" time="8.728" classname="liveSiteFormTests.EmailValidationTests"/>
  <testcase name="test4" time="13.758" classname="liveSiteFormTests.EmailValidationTests"/>
  <testcase name="test1" time="15.113" classname="liveSiteFormTests.EmailValidationTests"/>
  <testcase name="test3" time="9.693" classname="liveSiteFormTests.EmailValidationTests"/>
  <testcase name="test2" time="8.456" classname="liveSiteFormTests.EmailValidationTests"/>
</testsuite> <!-- liveSiteFormTests.EmailValidationTests -->
