<?xml version="1.0" encoding="UTF-8"?>
<!-- Generated by org.testng.reporters.JUnitReportReporter -->
<testsuite skipped="0" hostname="GRM-DEV10" name="devSiteFormsTest.NumberOfGuestsTest" tests="1" failures="0" timestamp="04 Oct 2017 16:22:17 GMT" time="8.707" errors="1">
  <testcase name="testNumberOfGuests" time="8.707" classname="devSiteFormsTest.NumberOfGuestsTest">
    <error/>
  </testcase> <!-- testNumberOfGuests -->
</testsuite> <!-- devSiteFormsTest.NumberOfGuestsTest -->
