<?xml version="1.0" encoding="UTF-8"?>
<!-- Generated by org.testng.reporters.JUnitReportReporter -->
<testsuite skipped="0" hostname="GRM-DEV10" name="dmcPaymentTests.ValidFormSubmitTest" tests="1" failures="0" timestamp="04 Oct 2017 13:02:40 GMT" time="38.388" errors="0">
  <testcase name="testSubmit" time="38.388" classname="dmcPaymentTests.ValidFormSubmitTest"/>
</testsuite> <!-- dmcPaymentTests.ValidFormSubmitTest -->
