<?xml version="1.0" encoding="UTF-8"?>
<!-- Generated by org.testng.reporters.JUnitReportReporter -->
<testsuite skipped="0" hostname="GRM-DEV10" name="devSiteFormsTest.EmptyPaymentFormTest" tests="1" failures="0" timestamp="04 Oct 2017 16:22:17 GMT" time="9.995" errors="0">
  <testcase name="testRequiredFields" time="9.995" classname="devSiteFormsTest.EmptyPaymentFormTest"/>
</testsuite> <!-- devSiteFormsTest.EmptyPaymentFormTest -->
