<?xml version="1.0" encoding="UTF-8"?>
<!-- Generated by org.testng.reporters.JUnitReportReporter -->
<testsuite skipped="0" hostname="GRM-DEV10" name="dmcPaymentTests.RequiredFieldsTest" tests="1" failures="0" timestamp="04 Oct 2017 13:55:16 GMT" time="8.892" errors="0">
  <testcase name="testRequiredFields" time="8.892" classname="dmcPaymentTests.RequiredFieldsTest"/>
</testsuite> <!-- dmcPaymentTests.RequiredFieldsTest -->
