<?xml version="1.0" encoding="UTF-8"?>
<!-- Generated by org.testng.reporters.JUnitReportReporter -->
<testsuite skipped="0" hostname="GRM-DEV10" name="devSiteFormsTests.EmptyPaymentFormTest" tests="1" failures="0" timestamp="09 Oct 2017 16:33:13 GMT" time="1.106" errors="0">
  <testcase name="testRequiredFields" time="1.106" classname="devSiteFormsTests.EmptyPaymentFormTest"/>
</testsuite> <!-- devSiteFormsTests.EmptyPaymentFormTest -->
