<?xml version="1.0" encoding="UTF-8"?>
<!-- Generated by org.testng.reporters.JUnitReportReporter -->
<testsuite skipped="0" hostname="GRM-DEV10" name="uatSiteFormsTests.ValidSendToClientFormSubmit" tests="2" failures="0" timestamp="10 Oct 2017 16:10:41 GMT" time="31.331" errors="0">
  <testcase name="test1" time="19.987" classname="uatSiteFormsTests.ValidSendToClientFormSubmit"/>
  <testcase name="test2" time="11.344" classname="uatSiteFormsTests.ValidSendToClientFormSubmit"/>
</testsuite> <!-- uatSiteFormsTests.ValidSendToClientFormSubmit -->
