<?xml version="1.0" encoding="UTF-8"?>
<!-- Generated by org.testng.reporters.JUnitReportReporter -->
<testsuite skipped="0" hostname="GRM-DEV10" name="uatSiteFormsTests.ValidRequestAQuoteFormSubmit" tests="2" failures="0" timestamp="10 Oct 2017 16:20:07 GMT" time="39.092" errors="0">
  <testcase name="test2" time="16.951" classname="uatSiteFormsTests.ValidRequestAQuoteFormSubmit"/>
  <testcase name="test1" time="22.141" classname="uatSiteFormsTests.ValidRequestAQuoteFormSubmit"/>
</testsuite> <!-- uatSiteFormsTests.ValidRequestAQuoteFormSubmit -->
