<?xml version="1.0" encoding="UTF-8"?>
<!-- Generated by org.testng.reporters.JUnitReportReporter -->
<testsuite skipped="0" hostname="GRM-DEV10" name="liveSiteFormTests.GuestFormDateValidationTest" tests="3" failures="0" timestamp="06 Oct 2017 12:18:24 GMT" time="22.419" errors="0">
  <testcase name="test2" time="5.905" classname="liveSiteFormTests.GuestFormDateValidationTest"/>
  <testcase name="test3" time="10.501" classname="liveSiteFormTests.GuestFormDateValidationTest"/>
  <testcase name="test1" time="6.013" classname="liveSiteFormTests.GuestFormDateValidationTest"/>
</testsuite> <!-- liveSiteFormTests.GuestFormDateValidationTest -->
