<?xml version="1.0" encoding="UTF-8"?>
<!-- Generated by org.testng.reporters.JUnitReportReporter -->
<testsuite skipped="0" hostname="GRM-DEV10" name="uatSiteFormsTest.ValidGuestFormSubmitTest" tests="2" failures="0" timestamp="05 Oct 2017 09:10:53 GMT" time="52.455" errors="0">
  <testcase name="test2" time="32.777" classname="uatSiteFormsTest.ValidGuestFormSubmitTest"/>
  <testcase name="test1" time="19.678" classname="uatSiteFormsTest.ValidGuestFormSubmitTest"/>
</testsuite> <!-- uatSiteFormsTest.ValidGuestFormSubmitTest -->
