<?xml version="1.0" encoding="UTF-8"?>
<!-- Generated by org.testng.reporters.JUnitReportReporter -->
<testsuite skipped="0" hostname="GRM-DEV10" name="uatSiteFormsTests.EmptyGuestFormTest" tests="1" failures="0" timestamp="10 Oct 2017 16:10:41 GMT" time="17.493" errors="0">
  <testcase name="testRequiredFields" time="17.493" classname="uatSiteFormsTests.EmptyGuestFormTest"/>
</testsuite> <!-- uatSiteFormsTests.EmptyGuestFormTest -->
