<?xml version="1.0" encoding="UTF-8"?>
<!-- Generated by org.testng.reporters.JUnitReportReporter -->
<testsuite skipped="0" hostname="GRM-DEV10" name="uatSiteFormsTests.EmailValidationTests" tests="6" failures="0" timestamp="10 Oct 2017 16:10:41 GMT" time="21.549" errors="0">
  <testcase name="test3" time="2.575" classname="uatSiteFormsTests.EmailValidationTests"/>
  <testcase name="test1" time="7.754" classname="uatSiteFormsTests.EmailValidationTests"/>
  <testcase name="test2" time="3.074" classname="uatSiteFormsTests.EmailValidationTests"/>
  <testcase name="test5" time="3.111" classname="uatSiteFormsTests.EmailValidationTests"/>
  <testcase name="test6" time="2.784" classname="uatSiteFormsTests.EmailValidationTests"/>
  <testcase name="test4" time="2.251" classname="uatSiteFormsTests.EmailValidationTests"/>
</testsuite> <!-- uatSiteFormsTests.EmailValidationTests -->
