<?xml version="1.0" encoding="UTF-8"?>
<!-- Generated by org.testng.reporters.JUnitReportReporter -->
<testsuite skipped="0" hostname="GRM-DEV10" name="uatSiteFormsTest.GuestFormDateValidationTest" tests="3" failures="0" timestamp="05 Oct 2017 12:57:12 GMT" time="31.247" errors="0">
  <testcase name="test2" time="6.795" classname="uatSiteFormsTest.GuestFormDateValidationTest"/>
  <testcase name="test3" time="10.177" classname="uatSiteFormsTest.GuestFormDateValidationTest"/>
  <testcase name="test1" time="14.275" classname="uatSiteFormsTest.GuestFormDateValidationTest"/>
</testsuite> <!-- uatSiteFormsTest.GuestFormDateValidationTest -->
