<?xml version="1.0" encoding="UTF-8"?>
<!-- Generated by org.testng.reporters.JUnitReportReporter -->
<testsuite skipped="0" hostname="GRM-DEV10" name="devSiteFormsTests.ValidSendToClientFormSubmit" tests="1" failures="0" timestamp="09 Oct 2017 16:33:13 GMT" time="4.886" errors="0">
  <testcase name="test1" time="4.886" classname="devSiteFormsTests.ValidSendToClientFormSubmit"/>
</testsuite> <!-- devSiteFormsTests.ValidSendToClientFormSubmit -->
